2020-06-26 21:42:46,088  INFO [main] Library:30 - Property file is loaded
2020-06-26 21:42:49,440  INFO [main] Library:41 - chrome Browser is launched 
2020-06-26 21:42:52,234  INFO [main] Library:30 - Property file is loaded
2020-06-26 21:42:54,484  INFO [main] Library:41 - chrome Browser is launched 
2020-06-26 21:42:57,641 DEBUG [main] cache:45 - Couldn't find template in cache for "v3html/v3-html-index.ftl"("en", UTF-8, parsed); will try to load it.
2020-06-26 21:42:57,643 DEBUG [main] cache:45 - TemplateLoader.findTemplateSource("v3html/v3-html-index_en.ftl"): Not found
2020-06-26 21:42:57,646 DEBUG [main] cache:45 - TemplateLoader.findTemplateSource("v3html/v3-html-index.ftl"): Found
2020-06-26 21:42:57,646 DEBUG [main] cache:45 - Loading template for "v3html/v3-html-index.ftl"("en", UTF-8, parsed) from "jar:file:/C:/Users/vaidees/.m2/repository/com/aventstack/extentreports/4.0.8/extentreports-4.0.8.jar!/com/aventstack/extentreports/view/v3html/v3-html-index.ftl"
2020-06-26 21:42:58,054 DEBUG [main] cache:45 - Couldn't find template in cache for "v3html/v3-html-head.ftl"("en", UTF-8, parsed); will try to load it.
2020-06-26 21:42:58,056 DEBUG [main] cache:45 - TemplateLoader.findTemplateSource("v3html/v3-html-head_en.ftl"): Not found
2020-06-26 21:42:58,057 DEBUG [main] cache:45 - TemplateLoader.findTemplateSource("v3html/v3-html-head.ftl"): Found
2020-06-26 21:42:58,058 DEBUG [main] cache:45 - Loading template for "v3html/v3-html-head.ftl"("en", UTF-8, parsed) from "jar:file:/C:/Users/vaidees/.m2/repository/com/aventstack/extentreports/4.0.8/extentreports-4.0.8.jar!/com/aventstack/extentreports/view/v3html/v3-html-head.ftl"
2020-06-26 21:42:58,069 DEBUG [main] cache:45 - Couldn't find template in cache for "v3html/v3-html-nav.ftl"("en", UTF-8, parsed); will try to load it.
2020-06-26 21:42:58,079 DEBUG [main] cache:45 - TemplateLoader.findTemplateSource("v3html/v3-html-nav_en.ftl"): Not found
2020-06-26 21:42:58,080 DEBUG [main] cache:45 - TemplateLoader.findTemplateSource("v3html/v3-html-nav.ftl"): Found
2020-06-26 21:42:58,080 DEBUG [main] cache:45 - Loading template for "v3html/v3-html-nav.ftl"("en", UTF-8, parsed) from "jar:file:/C:/Users/vaidees/.m2/repository/com/aventstack/extentreports/4.0.8/extentreports-4.0.8.jar!/com/aventstack/extentreports/view/v3html/v3-html-nav.ftl"
2020-06-26 21:42:58,098 DEBUG [main] cache:45 - Couldn't find template in cache for "v3html/test-view/v3-html-test-view.ftl"("en", UTF-8, parsed); will try to load it.
2020-06-26 21:42:58,100 DEBUG [main] cache:45 - TemplateLoader.findTemplateSource("v3html/test-view/v3-html-test-view_en.ftl"): Not found
2020-06-26 21:42:58,101 DEBUG [main] cache:45 - TemplateLoader.findTemplateSource("v3html/test-view/v3-html-test-view.ftl"): Found
2020-06-26 21:42:58,101 DEBUG [main] cache:45 - Loading template for "v3html/test-view/v3-html-test-view.ftl"("en", UTF-8, parsed) from "jar:file:/C:/Users/vaidees/.m2/repository/com/aventstack/extentreports/4.0.8/extentreports-4.0.8.jar!/com/aventstack/extentreports/view/v3html/test-view/v3-html-test-view.ftl"
2020-06-26 21:42:58,124 DEBUG [main] cache:45 - Couldn't find template in cache for "v3html/test-view/v3-html-test-view-charts.ftl"("en", UTF-8, parsed); will try to load it.
2020-06-26 21:42:58,126 DEBUG [main] cache:45 - TemplateLoader.findTemplateSource("v3html/test-view/v3-html-test-view-charts_en.ftl"): Not found
2020-06-26 21:42:58,127 DEBUG [main] cache:45 - TemplateLoader.findTemplateSource("v3html/test-view/v3-html-test-view-charts.ftl"): Found
2020-06-26 21:42:58,128 DEBUG [main] cache:45 - Loading template for "v3html/test-view/v3-html-test-view-charts.ftl"("en", UTF-8, parsed) from "jar:file:/C:/Users/vaidees/.m2/repository/com/aventstack/extentreports/4.0.8/extentreports-4.0.8.jar!/com/aventstack/extentreports/view/v3html/test-view/v3-html-test-view-charts.ftl"
2020-06-26 21:42:58,148 DEBUG [main] cache:45 - Couldn't find template in cache for "v3html/test-view/v3-html-bdd.ftl"("en", UTF-8, parsed); will try to load it.
2020-06-26 21:42:58,150 DEBUG [main] cache:45 - TemplateLoader.findTemplateSource("v3html/test-view/v3-html-bdd_en.ftl"): Not found
2020-06-26 21:42:58,151 DEBUG [main] cache:45 - TemplateLoader.findTemplateSource("v3html/test-view/v3-html-bdd.ftl"): Found
2020-06-26 21:42:58,152 DEBUG [main] cache:45 - Loading template for "v3html/test-view/v3-html-bdd.ftl"("en", UTF-8, parsed) from "jar:file:/C:/Users/vaidees/.m2/repository/com/aventstack/extentreports/4.0.8/extentreports-4.0.8.jar!/com/aventstack/extentreports/view/v3html/test-view/v3-html-bdd.ftl"
2020-06-26 21:42:58,218 DEBUG [main] cache:45 - Couldn't find template in cache for "v3html/category-view/v3-html-category-view.ftl"("en", UTF-8, parsed); will try to load it.
2020-06-26 21:42:58,222 DEBUG [main] cache:45 - TemplateLoader.findTemplateSource("v3html/category-view/v3-html-category-view_en.ftl"): Not found
2020-06-26 21:42:58,223 DEBUG [main] cache:45 - TemplateLoader.findTemplateSource("v3html/category-view/v3-html-category-view.ftl"): Found
2020-06-26 21:42:58,224 DEBUG [main] cache:45 - Loading template for "v3html/category-view/v3-html-category-view.ftl"("en", UTF-8, parsed) from "jar:file:/C:/Users/vaidees/.m2/repository/com/aventstack/extentreports/4.0.8/extentreports-4.0.8.jar!/com/aventstack/extentreports/view/v3html/category-view/v3-html-category-view.ftl"
2020-06-26 21:42:58,237 DEBUG [main] cache:45 - Couldn't find template in cache for "v3html/exception-view/v3-html-exception-view.ftl"("en", UTF-8, parsed); will try to load it.
2020-06-26 21:42:58,242 DEBUG [main] cache:45 - TemplateLoader.findTemplateSource("v3html/exception-view/v3-html-exception-view_en.ftl"): Not found
2020-06-26 21:42:58,244 DEBUG [main] cache:45 - TemplateLoader.findTemplateSource("v3html/exception-view/v3-html-exception-view.ftl"): Found
2020-06-26 21:42:58,245 DEBUG [main] cache:45 - Loading template for "v3html/exception-view/v3-html-exception-view.ftl"("en", UTF-8, parsed) from "jar:file:/C:/Users/vaidees/.m2/repository/com/aventstack/extentreports/4.0.8/extentreports-4.0.8.jar!/com/aventstack/extentreports/view/v3html/exception-view/v3-html-exception-view.ftl"
2020-06-26 21:42:58,257 DEBUG [main] cache:45 - Couldn't find template in cache for "v3html/author-view/v3-html-author-view.ftl"("en", UTF-8, parsed); will try to load it.
2020-06-26 21:42:58,260 DEBUG [main] cache:45 - TemplateLoader.findTemplateSource("v3html/author-view/v3-html-author-view_en.ftl"): Not found
2020-06-26 21:42:58,261 DEBUG [main] cache:45 - TemplateLoader.findTemplateSource("v3html/author-view/v3-html-author-view.ftl"): Found
2020-06-26 21:42:58,261 DEBUG [main] cache:45 - Loading template for "v3html/author-view/v3-html-author-view.ftl"("en", UTF-8, parsed) from "jar:file:/C:/Users/vaidees/.m2/repository/com/aventstack/extentreports/4.0.8/extentreports-4.0.8.jar!/com/aventstack/extentreports/view/v3html/author-view/v3-html-author-view.ftl"
2020-06-26 21:42:58,267 DEBUG [main] cache:45 - Couldn't find template in cache for "v3html/dashboard-view/v3-html-dashboard-view.ftl"("en", UTF-8, parsed); will try to load it.
2020-06-26 21:42:58,269 DEBUG [main] cache:45 - TemplateLoader.findTemplateSource("v3html/dashboard-view/v3-html-dashboard-view_en.ftl"): Not found
2020-06-26 21:42:58,269 DEBUG [main] cache:45 - TemplateLoader.findTemplateSource("v3html/dashboard-view/v3-html-dashboard-view.ftl"): Found
2020-06-26 21:42:58,270 DEBUG [main] cache:45 - Loading template for "v3html/dashboard-view/v3-html-dashboard-view.ftl"("en", UTF-8, parsed) from "jar:file:/C:/Users/vaidees/.m2/repository/com/aventstack/extentreports/4.0.8/extentreports-4.0.8.jar!/com/aventstack/extentreports/view/v3html/dashboard-view/v3-html-dashboard-view.ftl"
2020-06-26 21:42:58,286 DEBUG [main] cache:45 - Couldn't find template in cache for "v3html/logs-view/v3-html-testrunner-logs-view.ftl"("en", UTF-8, parsed); will try to load it.
2020-06-26 21:42:58,288 DEBUG [main] cache:45 - TemplateLoader.findTemplateSource("v3html/logs-view/v3-html-testrunner-logs-view_en.ftl"): Not found
2020-06-26 21:42:58,289 DEBUG [main] cache:45 - TemplateLoader.findTemplateSource("v3html/logs-view/v3-html-testrunner-logs-view.ftl"): Found
2020-06-26 21:42:58,290 DEBUG [main] cache:45 - Loading template for "v3html/logs-view/v3-html-testrunner-logs-view.ftl"("en", UTF-8, parsed) from "jar:file:/C:/Users/vaidees/.m2/repository/com/aventstack/extentreports/4.0.8/extentreports-4.0.8.jar!/com/aventstack/extentreports/view/v3html/logs-view/v3-html-testrunner-logs-view.ftl"
